<?xml version="1.0" encoding="UTF-8"?>
<testng-results ignored="0" total="1" passed="1" failed="0" skipped="0">
  <reporter-output>
  </reporter-output>
  <suite started-at="2022-10-27T13:12:25 IST" name="Default suite" finished-at="2022-10-27T13:12:45 IST" duration-ms="20576">
    <groups>
    </groups>
    <test started-at="2022-10-27T13:12:25 IST" name="Default test" finished-at="2022-10-27T13:12:45 IST" duration-ms="20576">
      <class name="Test.LoginRegistrationTesting.PatientRegistrationTest">
        <test-method signature="login()[pri:0, instance:Test.LoginRegistrationTesting.PatientRegistrationTest@3232a28a]" started-at="2022-10-27T13:12:25 IST" name="login" finished-at="2022-10-27T13:12:45 IST" duration-ms="20504" status="PASS">
          <reporter-output>
          </reporter-output>
        </test-method> <!-- login -->
      </class> <!-- Test.LoginRegistrationTesting.PatientRegistrationTest -->
    </test> <!-- Default test -->
  </suite> <!-- Default suite -->
</testng-results>
