<?xml version="1.0" encoding="UTF-8"?>
<testng-results ignored="0" total="1" passed="1" failed="0" skipped="0">
  <reporter-output>
  </reporter-output>
  <suite started-at="2022-10-27T17:25:25 IST" name="Default suite" finished-at="2022-10-27T17:25:52 IST" duration-ms="26801">
    <groups>
    </groups>
    <test started-at="2022-10-27T17:25:25 IST" name="Default test" finished-at="2022-10-27T17:25:52 IST" duration-ms="26801">
      <class name="com.admin.adminTesting">
        <test-method is-config="true" signature="beforeMethod()[pri:0, instance:com.admin.adminTesting@16610890]" started-at="2022-10-27T17:25:25 IST" name="beforeMethod" finished-at="2022-10-27T17:25:40 IST" duration-ms="14730" status="PASS">
          <reporter-output>
          </reporter-output>
        </test-method> <!-- beforeMethod -->
        <test-method signature="saveDoctorDetails()[pri:0, instance:com.admin.adminTesting@16610890]" started-at="2022-10-27T17:25:40 IST" name="saveDoctorDetails" finished-at="2022-10-27T17:25:52 IST" duration-ms="11997" status="PASS">
          <reporter-output>
          </reporter-output>
        </test-method> <!-- saveDoctorDetails -->
        <test-method is-config="true" signature="afterMethod()[pri:0, instance:com.admin.adminTesting@16610890]" started-at="2022-10-27T17:25:52 IST" name="afterMethod" finished-at="2022-10-27T17:25:52 IST" duration-ms="0" status="PASS">
          <reporter-output>
          </reporter-output>
        </test-method> <!-- afterMethod -->
      </class> <!-- com.admin.adminTesting -->
    </test> <!-- Default test -->
  </suite> <!-- Default suite -->
</testng-results>
